<?xml version="1.0" encoding="UTF-8"?>
<!-- Generated by org.testng.reporters.JUnitReportReporter -->
<testsuite hostname="LAPTOP-4OB0QS37" failures="0" tests="2" name="testng.Annotations_Example" time="0.017" errors="0" timestamp="06 Apr 2025 17:01:15 GMT" skipped="0">
  <testcase classname="testng.Annotations_Example" name="test2" time="0.008"/>
  <testcase classname="testng.Annotations_Example" name="test1" time="0.009"/>
</testsuite> <!-- testng.Annotations_Example -->
