<?xml version="1.0" encoding="UTF-8"?>
<!-- Generated by org.testng.reporters.JUnitReportReporter -->
<testsuite hostname="LAPTOP-4OB0QS37" failures="0" tests="1" name="SwagLab_Test.LoginTest" time="11.271" errors="0" timestamp="14 Apr 2025 06:56:57 GMT" skipped="0">
  <testcase classname="SwagLab_Test.LoginTest" name="LoginFailureTestFromProperties" time="11.271"/>
</testsuite> <!-- SwagLab_Test.LoginTest -->
