<?xml version="1.0" encoding="UTF-8"?>
<!-- Generated by org.testng.reporters.JUnitReportReporter -->
<testsuite hostname="LAPTOP-4OB0QS37" failures="0" tests="5" name="SwagLab_Test.LoginTest" time="69.456" errors="0" timestamp="08 Jun 2025 10:50:07 GMT" skipped="0">
  <testcase classname="SwagLab_Test.LoginTest" name="LoginFailureTestFromExcel" time="42.409"/>
  <testcase classname="SwagLab_Test.LoginTest" name="LoginFailureTestFromProperties" time="7.096"/>
  <testcase classname="SwagLab_Test.LoginTest" name="LockedUserLoginFailureTest" time="6.960"/>
  <testcase classname="SwagLab_Test.LoginTest" name="LoginSuccessTest" time="6.399"/>
  <testcase classname="SwagLab_Test.LoginTest" name="LoginFailiureTest" time="6.592"/>
</testsuite> <!-- SwagLab_Test.LoginTest -->
