<?xml version="1.0" encoding="UTF-8"?>
<!-- Generated by org.testng.reporters.JUnitReportReporter -->
<testsuite hostname="LAPTOP-4OB0QS37" failures="0" tests="1" name="SwagLab_Test.ProductTest" time="7.549" errors="0" timestamp="06 Apr 2025 16:59:17 GMT" skipped="0">
  <testcase classname="SwagLab_Test.ProductTest" name="AddtoCartTest" time="7.549"/>
</testsuite> <!-- SwagLab_Test.ProductTest -->
