<?xml version="1.0" encoding="UTF-8"?>
<!-- Generated by org.testng.reporters.JUnitReportReporter -->
<testsuite hostname="LAPTOP-4OB0QS37" failures="0" tests="5" name="SwagLab_Test.LoginTest" time="36.707" errors="0" timestamp="16 Jun 2025 08:06:31 GMT" skipped="0">
  <testcase classname="SwagLab_Test.LoginTest" name="LoginSuccessTest" time="7.048"/>
  <testcase classname="SwagLab_Test.LoginTest" name="LockedUserLoginFailureTest" time="6.620"/>
  <testcase classname="SwagLab_Test.LoginTest" name="LoginFailureTestFromProperties" time="7.627"/>
  <testcase classname="SwagLab_Test.LoginTest" name="LoginFailureTestFromExcel" time="6.646"/>
  <testcase classname="SwagLab_Test.LoginTest" name="LoginFailiureTest" time="8.766"/>
</testsuite> <!-- SwagLab_Test.LoginTest -->
