<?xml version="1.0" encoding="UTF-8"?>
<!-- Generated by org.testng.reporters.JUnitReportReporter -->
<testsuite hostname="LAPTOP-4OB0QS37" failures="0" tests="5" name="SwagLab_Test.LoginTest" time="50.884" errors="0" timestamp="09 Jun 2025 08:00:41 GMT" skipped="0">
  <testcase classname="SwagLab_Test.LoginTest" name="LoginFailureTestFromExcel" time="12.286"/>
  <testcase classname="SwagLab_Test.LoginTest" name="LockedUserLoginFailureTest" time="6.357"/>
  <testcase classname="SwagLab_Test.LoginTest" name="LoginFailureTestFromProperties" time="19.250"/>
  <testcase classname="SwagLab_Test.LoginTest" name="LoginSuccessTest" time="7.113"/>
  <testcase classname="SwagLab_Test.LoginTest" name="LoginFailiureTest" time="5.878"/>
</testsuite> <!-- SwagLab_Test.LoginTest -->
