<?xml version="1.0" encoding="UTF-8"?>
<!-- Generated by org.testng.reporters.JUnitReportReporter -->
<testsuite hostname="LAPTOP-4OB0QS37" failures="0" tests="5" name="SwagLab_Test.LoginTest" time="33.428" errors="0" timestamp="24 Jun 2025 10:51:15 GMT" skipped="0">
  <testcase classname="SwagLab_Test.LoginTest" name="LoginSuccessTest" time="6.903"/>
  <testcase classname="SwagLab_Test.LoginTest" name="LockedUserLoginFailureTest" time="7.601"/>
  <testcase classname="SwagLab_Test.LoginTest" name="LoginFailureTestFromExcel" time="6.562"/>
  <testcase classname="SwagLab_Test.LoginTest" name="LoginFailureTestFromProperties" time="5.933"/>
  <testcase classname="SwagLab_Test.LoginTest" name="LoginFailiureTest" time="6.429"/>
</testsuite> <!-- SwagLab_Test.LoginTest -->
